C:\USERS\HXC3427\DOCUMENTS\VISUAL STUDIO 2010\PROJECTS\HPALAB05\DEBUG\LAB05.EXE
C:\USERS\HXC3427\DOCUMENTS\VISUAL STUDIO 2010\PROJECTS\HPALAB05\DEBUG\LAB05.ILK
C:\USERS\HXC3427\DOCUMENTS\VISUAL STUDIO 2010\PROJECTS\HPALAB05\DEBUG\LAB05.PDB
C:\Users\hxc3427\Documents\Visual Studio 2010\Projects\HPAlab05\lab05\Debug\cl.command.1.tlog
C:\Users\hxc3427\Documents\Visual Studio 2010\Projects\HPAlab05\lab05\Debug\CL.read.1.tlog
C:\Users\hxc3427\Documents\Visual Studio 2010\Projects\HPAlab05\lab05\Debug\CL.write.1.tlog
C:\USERS\HXC3427\DOCUMENTS\VISUAL STUDIO 2010\PROJECTS\HPALAB05\LAB05\DEBUG\CPU.OBJ
C:\Users\hxc3427\Documents\Visual Studio 2010\Projects\HPAlab05\lab05\Debug\GPU.cu.cache
C:\Users\hxc3427\Documents\Visual Studio 2010\Projects\HPAlab05\lab05\Debug\GPU.cu.obj
C:\USERS\HXC3427\DOCUMENTS\VISUAL STUDIO 2010\PROJECTS\HPALAB05\LAB05\DEBUG\LAB05.EXE.EMBED.MANIFEST
C:\USERS\HXC3427\DOCUMENTS\VISUAL STUDIO 2010\PROJECTS\HPALAB05\LAB05\DEBUG\LAB05.EXE.EMBED.MANIFEST.RES
C:\USERS\HXC3427\DOCUMENTS\VISUAL STUDIO 2010\PROJECTS\HPALAB05\LAB05\DEBUG\LAB05.EXE.INTERMEDIATE.MANIFEST
C:\Users\hxc3427\Documents\Visual Studio 2010\Projects\HPAlab05\lab05\Debug\lab05.vcxprojResolveAssemblyReference.cache
C:\Users\hxc3427\Documents\Visual Studio 2010\Projects\HPAlab05\lab05\Debug\lab05.write.1.tlog
C:\Users\hxc3427\Documents\Visual Studio 2010\Projects\HPAlab05\lab05\Debug\lab05_manifest.rc
C:\Users\hxc3427\Documents\Visual Studio 2010\Projects\HPAlab05\lab05\Debug\link.31912.read.1.tlog
C:\Users\hxc3427\Documents\Visual Studio 2010\Projects\HPAlab05\lab05\Debug\link.31912.write.1.tlog
C:\Users\hxc3427\Documents\Visual Studio 2010\Projects\HPAlab05\lab05\Debug\link.31912-cvtres.read.1.tlog
C:\Users\hxc3427\Documents\Visual Studio 2010\Projects\HPAlab05\lab05\Debug\link.31912-cvtres.write.1.tlog
C:\Users\hxc3427\Documents\Visual Studio 2010\Projects\HPAlab05\lab05\Debug\link.33964.read.1.tlog
C:\Users\hxc3427\Documents\Visual Studio 2010\Projects\HPAlab05\lab05\Debug\link.33964.write.1.tlog
C:\Users\hxc3427\Documents\Visual Studio 2010\Projects\HPAlab05\lab05\Debug\link.33964-cvtres.read.1.tlog
C:\Users\hxc3427\Documents\Visual Studio 2010\Projects\HPAlab05\lab05\Debug\link.33964-cvtres.write.1.tlog
C:\Users\hxc3427\Documents\Visual Studio 2010\Projects\HPAlab05\lab05\Debug\link.33976.read.1.tlog
C:\Users\hxc3427\Documents\Visual Studio 2010\Projects\HPAlab05\lab05\Debug\link.33976.write.1.tlog
C:\Users\hxc3427\Documents\Visual Studio 2010\Projects\HPAlab05\lab05\Debug\link.33976-cvtres.read.1.tlog
C:\Users\hxc3427\Documents\Visual Studio 2010\Projects\HPAlab05\lab05\Debug\link.33976-cvtres.write.1.tlog
C:\Users\hxc3427\Documents\Visual Studio 2010\Projects\HPAlab05\lab05\Debug\link.36512.read.1.tlog
C:\Users\hxc3427\Documents\Visual Studio 2010\Projects\HPAlab05\lab05\Debug\link.36512.write.1.tlog
C:\Users\hxc3427\Documents\Visual Studio 2010\Projects\HPAlab05\lab05\Debug\link.36512-cvtres.read.1.tlog
C:\Users\hxc3427\Documents\Visual Studio 2010\Projects\HPAlab05\lab05\Debug\link.36512-cvtres.write.1.tlog
C:\Users\hxc3427\Documents\Visual Studio 2010\Projects\HPAlab05\lab05\Debug\link.37748.read.1.tlog
C:\Users\hxc3427\Documents\Visual Studio 2010\Projects\HPAlab05\lab05\Debug\link.37748.write.1.tlog
C:\Users\hxc3427\Documents\Visual Studio 2010\Projects\HPAlab05\lab05\Debug\link.37748-cvtres.read.1.tlog
C:\Users\hxc3427\Documents\Visual Studio 2010\Projects\HPAlab05\lab05\Debug\link.37748-cvtres.write.1.tlog
C:\Users\hxc3427\Documents\Visual Studio 2010\Projects\HPAlab05\lab05\Debug\link.37808.read.1.tlog
C:\Users\hxc3427\Documents\Visual Studio 2010\Projects\HPAlab05\lab05\Debug\link.37808.write.1.tlog
C:\Users\hxc3427\Documents\Visual Studio 2010\Projects\HPAlab05\lab05\Debug\link.37808-cvtres.read.1.tlog
C:\Users\hxc3427\Documents\Visual Studio 2010\Projects\HPAlab05\lab05\Debug\link.37808-cvtres.write.1.tlog
C:\Users\hxc3427\Documents\Visual Studio 2010\Projects\HPAlab05\lab05\Debug\link.37976.read.1.tlog
C:\Users\hxc3427\Documents\Visual Studio 2010\Projects\HPAlab05\lab05\Debug\link.37976.write.1.tlog
C:\Users\hxc3427\Documents\Visual Studio 2010\Projects\HPAlab05\lab05\Debug\link.37976-cvtres.read.1.tlog
C:\Users\hxc3427\Documents\Visual Studio 2010\Projects\HPAlab05\lab05\Debug\link.37976-cvtres.write.1.tlog
C:\Users\hxc3427\Documents\Visual Studio 2010\Projects\HPAlab05\lab05\Debug\link.39228.read.1.tlog
C:\Users\hxc3427\Documents\Visual Studio 2010\Projects\HPAlab05\lab05\Debug\link.39228.write.1.tlog
C:\Users\hxc3427\Documents\Visual Studio 2010\Projects\HPAlab05\lab05\Debug\link.39228-cvtres.read.1.tlog
C:\Users\hxc3427\Documents\Visual Studio 2010\Projects\HPAlab05\lab05\Debug\link.39228-cvtres.write.1.tlog
C:\Users\hxc3427\Documents\Visual Studio 2010\Projects\HPAlab05\lab05\Debug\link.39892.read.1.tlog
C:\Users\hxc3427\Documents\Visual Studio 2010\Projects\HPAlab05\lab05\Debug\link.39892.write.1.tlog
C:\Users\hxc3427\Documents\Visual Studio 2010\Projects\HPAlab05\lab05\Debug\link.39892-cvtres.read.1.tlog
C:\Users\hxc3427\Documents\Visual Studio 2010\Projects\HPAlab05\lab05\Debug\link.39892-cvtres.write.1.tlog
C:\Users\hxc3427\Documents\Visual Studio 2010\Projects\HPAlab05\lab05\Debug\link.43208.read.1.tlog
C:\Users\hxc3427\Documents\Visual Studio 2010\Projects\HPAlab05\lab05\Debug\link.43208.write.1.tlog
C:\Users\hxc3427\Documents\Visual Studio 2010\Projects\HPAlab05\lab05\Debug\link.43208-cvtres.read.1.tlog
C:\Users\hxc3427\Documents\Visual Studio 2010\Projects\HPAlab05\lab05\Debug\link.43208-cvtres.write.1.tlog
C:\Users\hxc3427\Documents\Visual Studio 2010\Projects\HPAlab05\lab05\Debug\link.91556.read.1.tlog
C:\Users\hxc3427\Documents\Visual Studio 2010\Projects\HPAlab05\lab05\Debug\link.91556.write.1.tlog
C:\Users\hxc3427\Documents\Visual Studio 2010\Projects\HPAlab05\lab05\Debug\link.91556-cvtres.read.1.tlog
C:\Users\hxc3427\Documents\Visual Studio 2010\Projects\HPAlab05\lab05\Debug\link.91556-cvtres.write.1.tlog
C:\Users\hxc3427\Documents\Visual Studio 2010\Projects\HPAlab05\lab05\Debug\link.command.1.tlog
C:\Users\hxc3427\Documents\Visual Studio 2010\Projects\HPAlab05\lab05\Debug\link.read.1.tlog
C:\Users\hxc3427\Documents\Visual Studio 2010\Projects\HPAlab05\lab05\Debug\link.write.1.tlog
C:\Users\hxc3427\Documents\Visual Studio 2010\Projects\HPAlab05\lab05\Debug\link-cvtres.read.1.tlog
C:\Users\hxc3427\Documents\Visual Studio 2010\Projects\HPAlab05\lab05\Debug\link-cvtres.write.1.tlog
C:\USERS\HXC3427\DOCUMENTS\VISUAL STUDIO 2010\PROJECTS\HPALAB05\LAB05\DEBUG\MAIN.OBJ
C:\Users\hxc3427\Documents\Visual Studio 2010\Projects\HPAlab05\lab05\Debug\mt.command.1.tlog
C:\Users\hxc3427\Documents\Visual Studio 2010\Projects\HPAlab05\lab05\Debug\mt.read.1.tlog
C:\Users\hxc3427\Documents\Visual Studio 2010\Projects\HPAlab05\lab05\Debug\mt.write.1.tlog
C:\Users\hxc3427\Documents\Visual Studio 2010\Projects\HPAlab05\lab05\Debug\rc.command.1.tlog
C:\Users\hxc3427\Documents\Visual Studio 2010\Projects\HPAlab05\lab05\Debug\rc.read.1.tlog
C:\Users\hxc3427\Documents\Visual Studio 2010\Projects\HPAlab05\lab05\Debug\rc.write.1.tlog
C:\Users\hxc3427\Documents\Visual Studio 2010\Projects\HPAlab05\lab05\Debug\vc100.idb
C:\USERS\HXC3427\DOCUMENTS\VISUAL STUDIO 2010\PROJECTS\HPALAB05\LAB05\DEBUG\VC100.PDB
