Build started 10/14/2016 3:26:16 PM.
     1>Project "C:\Users\hxc3427\Documents\Visual Studio 2010\Projects\HPAlab05\lab05\lab05.vcxproj" on node 2 (build target(s)).
     1>InitializeBuildStatus:
         Creating "Debug\lab05.unsuccessfulbuild" because "AlwaysCreate" was specified.
       AddCudaCompileDeps:
       Skipping target "AddCudaCompileDeps" because all output files are up-to-date with respect to the input files.
       AddCudaCompilePropsDeps:
       Skipping target "AddCudaCompilePropsDeps" because all output files are up-to-date with respect to the input files.
       CudaBuild:
       Skipping target "CudaBuild" because all output files are up-to-date with respect to the input files.
       ClCompile:
         c:\Program Files (x86)\Microsoft Visual Studio 10.0\VC\bin\CL.exe /c /I"C:\Program Files\NVIDIA GPU Computing Toolkit\CUDA\v5.5\include" /ZI /nologo /W3 /WX- /Od /Oy- /D WIN32 /D _DEBUG /D _CONSOLE /D _MBCS /Gm /EHsc /RTC1 /MDd /GS /fp:precise /Zc:wchar_t /Zc:forScope /Fo"Debug\\" /Fd"Debug\vc100.pdb" /Gd /TP /analyze- /errorReport:prompt main.cpp
         main.cpp
     1>c:\users\hxc3427\documents\visual studio 2010\projects\hpalab05\lab05\main.cpp(36): warning C4244: 'initializing' : conversion from 'clock_t' to 'float', possible loss of data
     1>c:\users\hxc3427\documents\visual studio 2010\projects\hpalab05\lab05\main.cpp(40): warning C4244: 'initializing' : conversion from 'clock_t' to 'float', possible loss of data
     1>c:\users\hxc3427\documents\visual studio 2010\projects\hpalab05\lab05\main.cpp(50): warning C4244: 'initializing' : conversion from 'clock_t' to 'float', possible loss of data
     1>c:\users\hxc3427\documents\visual studio 2010\projects\hpalab05\lab05\main.cpp(54): warning C4244: 'initializing' : conversion from 'clock_t' to 'float', possible loss of data
     1>c:\users\hxc3427\documents\visual studio 2010\projects\hpalab05\lab05\main.cpp(76): warning C4244: 'initializing' : conversion from 'clock_t' to 'float', possible loss of data
     1>c:\users\hxc3427\documents\visual studio 2010\projects\hpalab05\lab05\main.cpp(80): warning C4244: 'initializing' : conversion from 'clock_t' to 'float', possible loss of data
     1>c:\users\hxc3427\documents\visual studio 2010\projects\hpalab05\lab05\main.cpp(101): warning C4996: '_sleep': This function or variable has been superceded by newer library or operating system functionality. Consider using Sleep instead. See online help for details.
                 c:\program files (x86)\microsoft visual studio 10.0\vc\include\stdlib.h(843) : see declaration of '_sleep'
       ManifestResourceCompile:
         All outputs are up-to-date.
       Link:
         c:\Program Files (x86)\Microsoft Visual Studio 10.0\VC\bin\link.exe /ERRORREPORT:PROMPT /OUT:"C:\Users\hxc3427\Documents\Visual Studio 2010\Projects\HPAlab05\Debug\lab05.exe" /INCREMENTAL /NOLOGO /LIBPATH:"C:\Program Files\NVIDIA GPU Computing Toolkit\CUDA\v5.5\lib\Win32" cudart.lib kernel32.lib user32.lib gdi32.lib winspool.lib comdlg32.lib advapi32.lib shell32.lib ole32.lib oleaut32.lib uuid.lib odbc32.lib odbccp32.lib kernel32.lib user32.lib gdi32.lib winspool.lib comdlg32.lib advapi32.lib shell32.lib ole32.lib oleaut32.lib uuid.lib odbc32.lib odbccp32.lib /MANIFEST /ManifestFile:"Debug\lab05.exe.intermediate.manifest" /MANIFESTUAC:"level='asInvoker' uiAccess='false'" /DEBUG /PDB:"C:\Users\hxc3427\Documents\Visual Studio 2010\Projects\HPAlab05\Debug\lab05.pdb" /SUBSYSTEM:CONSOLE /TLBID:1 /DYNAMICBASE /NXCOMPAT /IMPLIB:"C:\Users\hxc3427\Documents\Visual Studio 2010\Projects\HPAlab05\Debug\lab05.lib" /MACHINE:X86 Debug\GPU.cu.obj
         Debug\lab05.exe.embed.manifest.res
         Debug\CPU.obj
         Debug\main.obj
       Manifest:
         C:\Program Files (x86)\Microsoft SDKs\Windows\v7.0A\bin\mt.exe /nologo /verbose /out:"Debug\lab05.exe.embed.manifest" /manifest Debug\lab05.exe.intermediate.manifest
         All outputs are up-to-date.
       LinkEmbedManifest:
         All outputs are up-to-date.
         lab05.vcxproj -> C:\Users\hxc3427\Documents\Visual Studio 2010\Projects\HPAlab05\Debug\lab05.exe
       PostBuildEvent:
         echo copy "C:\Program Files\NVIDIA GPU Computing Toolkit\CUDA\v5.5\bin\cudart*.dll" "C:\Users\hxc3427\Documents\Visual Studio 2010\Projects\HPAlab05\Debug\"
         copy "C:\Program Files\NVIDIA GPU Computing Toolkit\CUDA\v5.5\bin\cudart*.dll" "C:\Users\hxc3427\Documents\Visual Studio 2010\Projects\HPAlab05\Debug\"
         :VCEnd
         copy "C:\Program Files\NVIDIA GPU Computing Toolkit\CUDA\v5.5\bin\cudart*.dll" "C:\Users\hxc3427\Documents\Visual Studio 2010\Projects\HPAlab05\Debug\"
         C:\Program Files\NVIDIA GPU Computing Toolkit\CUDA\v5.5\bin\cudart32_55.dll
         C:\Program Files\NVIDIA GPU Computing Toolkit\CUDA\v5.5\bin\cudart64_55.dll
                 2 file(s) copied.
       FinalizeBuildStatus:
         Deleting file "Debug\lab05.unsuccessfulbuild".
         Touching "Debug\lab05.lastbuildstate".
     1>Done Building Project "C:\Users\hxc3427\Documents\Visual Studio 2010\Projects\HPAlab05\lab05\lab05.vcxproj" (build target(s)).

Build succeeded.

Time Elapsed 00:00:01.20
